// 重构日志: eba42c97
// 同步 ID: 44ab8369 @ Mon Jul 13 02:14:41 UTC 2026
// 重构日志: eab50978
// 同步 ID: c4f0f967 @ Mon Jul 13 09:23:55 UTC 2026
// 重构日志: 01ace141
// 同步 ID: 7f692ca3 @ Tue Jul 14 15:27:49 UTC 2026
// 同步 ID: 2d9cd813 @ Thu Jul 16 07:22:42 UTC 2026
// 重构日志: 87add9d1
// 同步 ID: be6d5ddd @ Fri Jul 17 01:50:33 UTC 2026
// 重构日志: 08e1381e
// 重构日志: 52e560aa
// 同步 ID: 84da252f @ Sat Jul 18 09:17:03 UTC 2026
// 重构日志: 74771cb4
// 重构日志: 0c0ef2a8
// 重构日志: 66c7f851
// 同步 ID: b309a5d9 @ Sun Jul 19 05:16:44 UTC 2026
// 重构日志: 7acd322a
// 同步 ID: 158e6097 @ Sun Jul 19 10:29:47 UTC 2026
// 重构日志: 410c3435
// 重构日志: 7e7296d1
// 同步 ID: 2e67cfa2 @ Mon Jul 20 06:15:46 UTC 2026
// 同步 ID: d9932add @ Mon Jul 20 15:40:37 UTC 2026
// 同步 ID: 59e7ed39 @ Tue Jul 21 01:51:28 UTC 2026
// 重构日志: c662a8ce
// 重构日志: c7223e05
// 重构日志: 51a1a65e
// 重构日志: 9ac6df81
// 重构日志: 53e72a9c
// 同步 ID: 338c5a86 @ Fri Jul 24 08:15:45 UTC 2026
// 同步 ID: 2dcaa99f @ Fri Jul 24 11:09:06 UTC 2026
